2026-04-22 12:13:28 - WARNING - Chroma persistent storage failed: [91mYou are using a deprecated configuration of Chroma.

[94mIf you do not have data you wish to migrate, you only need to change how you construct
your Chroma client. Please see the "New Clients" section of https://docs.trychroma.com/deployment/migration.
________________________________________________________________________________________________

If you do have data you wish to migrate, we have a migration tool you can use in order to
migrate your data to the new Chroma architecture.
Please `pip install chroma-migrate` and run `chroma-migrate` to migrate your data and then
change how you construct your Chroma client.

See https://docs.trychroma.com/deployment/migration for more information or join our discord at https://discord.gg/MMeYNTmh3x for help![0m, using in-memory
2026-04-22 12:13:29 - INFO - RAGSystem initialized for collection: banking_docs
2026-04-22 12:13:29 - INFO - Starting document ingestion...
2026-04-22 12:13:29 - INFO - Created new collection: banking_docs
2026-04-22 12:13:29 - INFO - Split text (1679 chars) into 4 chunks
2026-04-22 12:13:29 - INFO - Split text (1515 chars) into 5 chunks
2026-04-22 12:13:29 - INFO - Split text (1519 chars) into 1 chunks
2026-04-22 12:13:29 - INFO - Split text (1761 chars) into 3 chunks
2026-04-22 12:13:29 - INFO - Split text (1788 chars) into 3 chunks
2026-04-22 12:13:29 - INFO - Split text (2166 chars) into 5 chunks
2026-04-22 12:13:29 - INFO - Split text (1786 chars) into 1 chunks
2026-04-22 12:13:29 - INFO - Split text (1454 chars) into 1 chunks
2026-04-22 12:13:44 - INFO - Ingested 23 chunks from 8 documents
2026-04-22 12:13:45 - INFO - Retrieved 3 documents for query: What documents do I need to open a bank account?
2026-04-22 12:13:45 - INFO - Retrieved 3 documents for query: What documents do I need to open a bank account?
2026-04-22 12:13:48 - INFO - Retrieved 3 documents for query: How is my money protected at your bank?
2026-04-22 12:13:48 - INFO - Retrieved 3 documents for query: How is my money protected at your bank?
2026-04-22 12:13:50 - INFO - Retrieved 3 documents for query: What are the fees for checking accounts?
2026-04-22 12:13:51 - INFO - Retrieved 3 documents for query: What are the fees for checking accounts?
2026-04-22 12:13:54 - INFO - Retrieved 3 documents for query: What is overdraft protection and how does it work?
2026-04-22 12:13:54 - INFO - Retrieved 3 documents for query: What is overdraft protection and how does it work?
2026-04-22 12:13:58 - INFO - Retrieved 3 documents for query: Can I get a personal loan and what are the rates?
2026-04-22 12:13:58 - INFO - Retrieved 3 documents for query: Can I get a personal loan and what are the rates?
